<?xml version="1.0" encoding="UTF-8"?>
<testng-results skipped="0" failed="0" ignored="0" total="1" passed="1">
  <reporter-output>
  </reporter-output>
  <suite name="Default suite" duration-ms="44959" started-at="2021-12-09T12:02:22 IST" finished-at="2021-12-09T12:03:07 IST">
    <groups>
    </groups>
    <test name="Default test" duration-ms="44959" started-at="2021-12-09T12:02:22 IST" finished-at="2021-12-09T12:03:07 IST">
      <class name="mypack.Test4">
        <test-method status="PASS" signature="method()[pri:0, instance:mypack.Test4@26a7b76d]" name="method" duration-ms="44929" started-at="2021-12-09T12:02:22 IST" finished-at="2021-12-09T12:03:07 IST">
          <reporter-output>
          </reporter-output>
        </test-method> <!-- method -->
      </class> <!-- mypack.Test4 -->
    </test> <!-- Default test -->
  </suite> <!-- Default suite -->
</testng-results>
